<?xml version="1.0" encoding="UTF-8"?>
<!-- Generated by org.testng.reporters.JUnitReportReporter -->
<testsuite hostname="LAPTOP-5KCODA6R" failures="0" tests="1" name="com.actitime.customermodule.ProjectModule" time="0.019" errors="0" timestamp="01 Jun 2023 05:51:07 GMT" skipped="0">
  <testcase classname="com.actitime.customermodule.ProjectModule" name="createProject" time="0.019"/>
</testsuite> <!-- com.actitime.customermodule.ProjectModule -->
