<?xml version="1.0" encoding="UTF-8"?>
<!-- Generated by org.testng.reporters.JUnitReportReporter -->
<testsuite hostname="LAPTOP-5KCODA6R" failures="0" tests="1" name="com.actitime.customermodule.createCustomer" time="0.012" errors="0" timestamp="01 Jun 2023 05:43:51 GMT" skipped="0">
  <testcase classname="com.actitime.customermodule.createCustomer" name="createCustomer" time="0.012"/>
</testsuite> <!-- com.actitime.customermodule.createCustomer -->
