<?xml version="1.0" encoding="UTF-8"?>
<!-- Generated by org.testng.reporters.JUnitReportReporter -->
<testsuite hostname="LAPTOP-5KCODA6R" failures="0" tests="1" name="com.actitime.customermodule.CustomerModule" time="24.753" errors="0" timestamp="12 Jun 2023 06:10:42 GMT" skipped="0">
  <testcase classname="com.actitime.customermodule.CustomerModule" name="createCustomer" time="24.753"/>
</testsuite> <!-- com.actitime.customermodule.CustomerModule -->
